<html>
<head>
<title>TestNG:  Default test</title>
<link href="../testng.css" rel="stylesheet" type="text/css" />
<link href="../my-testng.css" rel="stylesheet" type="text/css" />

<style type="text/css">
.log { display: none;} 
.stack-trace { display: none;} 
</style>
<script type="text/javascript">
<!--
function flip(e) {
  current = e.style.display;
  if (current == 'block') {
    e.style.display = 'none';
    return 0;
  }
  else {
    e.style.display = 'block';
    return 1;
  }
}

function toggleBox(szDivId, elem, msg1, msg2)
{
  var res = -1;  if (document.getElementById) {
    res = flip(document.getElementById(szDivId));
  }
  else if (document.all) {
    // this is the way old msie versions work
    res = flip(document.all[szDivId]);
  }
  if(elem) {
    if(res == 0) elem.innerHTML = msg1; else elem.innerHTML = msg2;
  }

}

function toggleAllBoxes() {
  if (document.getElementsByTagName) {
    d = document.getElementsByTagName('div');
    for (i = 0; i < d.length; i++) {
      if (d[i].className == 'log') {
        flip(d[i]);
      }
    }
  }
}

// -->
</script>

</head>
<body>
<h2 align='center'>Default test</h2><table border='1' align="center">
<tr>
<td>Tests passed/Failed/Skipped:</td><td>0/0/47</td>
</tr><tr>
<td>Started on:</td><td>Mon Dec 05 10:46:33 IST 2016</td>
</tr>
<tr><td>Total time:</td><td>4 seconds (4143 ms)</td>
</tr><tr>
<td>Included groups:</td><td></td>
</tr><tr>
<td>Excluded groups:</td><td></td>
</tr>
</table><p/>
<small><i>(Hover the method name to see the test class name)</i></small><p/>
<table width='100%' border='1' class='invocation-failed'>
<tr><td colspan='4' align='center'><b>FAILED CONFIGURATIONS</b></td></tr>
<tr><td><b>Test method</b></td>
<td width="30%"><b>Exception</b></td>
<td width="10%"><b>Time (seconds)</b></td>
<td><b>Instance</b></td>
</tr>
<tr>
<td title='main.DeltaDriver.open()'><b>open</b><br>Test class: main.DeltaDriver</td>
<td><div><pre>org.openqa.selenium.WebDriverException: Invalid username or password (WARNING: The server did not provide any stacktrace information)
Command duration or timeout: 1.71 seconds
Build info: version: &apos;2.53.0&apos;, revision: &apos;35ae25b&apos;, time: &apos;2016-03-15 17:00:58&apos;
System info: host: &apos;SandeepDell&apos;, ip: &apos;192.168.22.65&apos;, os.name: &apos;Windows 10&apos;, os.arch: &apos;amd64&apos;, os.version: &apos;10.0&apos;, java.version: &apos;1.8.0_101&apos;
Driver info: org.openqa.selenium.remote.RemoteWebDriver
	at sun.reflect.NativeConstructorAccessorImpl.newInstance0(Native Method)
	at sun.reflect.NativeConstructorAccessorImpl.newInstance(Unknown Source)
	at sun.reflect.DelegatingConstructorAccessorImpl.newInstance(Unknown Source)
	at java.lang.reflect.Constructor.newInstance(Unknown Source)
	at org.openqa.selenium.remote.ErrorHandler.createThrowable(ErrorHandler.java:206)
	at org.openqa.selenium.remote.ErrorHandler.throwIfResponseFailed(ErrorHandler.java:158)
	at org.openqa.selenium.remote.RemoteWebDriver.execute(RemoteWebDriver.java:678)
	at org.openqa.selenium.remote.RemoteWebDriver.startSession(RemoteWebDriver.java:249)
	at org.openqa.selenium.remote.RemoteWebDriver.&lt;init&gt;(RemoteWebDriver.java:131)
	at org.openqa.selenium.remote.RemoteWebDriver.&lt;init&gt;(RemoteWebDriver.java:158)
	at main.DeltaDriver.open(DeltaDriver.java:54)
	at sun.reflect.NativeMethodAccessorImpl.invoke0(Native Method)
	at sun.reflect.NativeMethodAccessorImpl.invoke(Unknown Source)
	at sun.reflect.DelegatingMethodAccessorImpl.invoke(Unknown Source)
	at java.lang.reflect.Method.invoke(Unknown Source)
	at org.testng.internal.MethodInvocationHelper.invokeMethod(MethodInvocationHelper.java:100)
	at org.testng.internal.Invoker.invokeConfigurationMethod(Invoker.java:515)
	at org.testng.internal.Invoker.invokeConfigurations(Invoker.java:216)
	at org.testng.internal.Invoker.invokeConfigurations(Invoker.java:143)
	at org.testng.internal.TestMethodWorker.invokeBeforeClassMethods(TestMethodWorker.java:169)
	at org.testng.internal.TestMethodWorker.run(TestMethodWorker.java:108)
	at org.testng.TestRunner.privateRun(TestRunner.java:746)
	at org.testng.TestRunner.run(TestRunner.java:600)
	at org.testng.SuiteRunner.runTest(SuiteRunner.java:366)
	at org.testng.SuiteRunner.runSequentially(SuiteRunner.java:361)
	at org.testng.SuiteRunner.privateRun(SuiteRunner.java:319)
	at org.testng.SuiteRunner.run(SuiteRunner.java:268)
	at org.testng.SuiteRunnerWorker.runSuite(SuiteRunnerWorker.java:52)
	at org.testng.SuiteRunnerWorker.run(SuiteRunnerWorker.java:86)
	at org.testng.TestNG.runSuitesSequentially(TestNG.java:1264)
	at org.testng.TestNG.runSuitesLocally(TestNG.java:1189)
	at org.testng.TestNG.runSuites(TestNG.java:1104)
	at org.testng.TestNG.run(TestNG.java:1076)
	at org.testng.remote.AbstractRemoteTestNG.run(AbstractRemoteTestNG.java:126)
	at org.testng.remote.RemoteTestNG.initAndRun(RemoteTestNG.java:152)
	at org.testng.remote.RemoteTestNG.main(RemoteTestNG.java:57)
</pre></div><a href='#' onClick='toggleBox("stack-trace2106900153", this, "Click to show all stack frames", "Click to hide stack frames")'>Click to show all stack frames</a>
<div class='stack-trace' id='stack-trace2106900153'><pre>org.openqa.selenium.WebDriverException: Invalid username or password (WARNING: The server did not provide any stacktrace information)
Command duration or timeout: 1.71 seconds
Build info: version: &apos;2.53.0&apos;, revision: &apos;35ae25b&apos;, time: &apos;2016-03-15 17:00:58&apos;
System info: host: &apos;SandeepDell&apos;, ip: &apos;192.168.22.65&apos;, os.name: &apos;Windows 10&apos;, os.arch: &apos;amd64&apos;, os.version: &apos;10.0&apos;, java.version: &apos;1.8.0_101&apos;
Driver info: org.openqa.selenium.remote.RemoteWebDriver
	at sun.reflect.NativeConstructorAccessorImpl.newInstance0(Native Method)
	at sun.reflect.NativeConstructorAccessorImpl.newInstance(Unknown Source)
	at sun.reflect.DelegatingConstructorAccessorImpl.newInstance(Unknown Source)
	at java.lang.reflect.Constructor.newInstance(Unknown Source)
	at org.openqa.selenium.remote.ErrorHandler.createThrowable(ErrorHandler.java:206)
	at org.openqa.selenium.remote.ErrorHandler.throwIfResponseFailed(ErrorHandler.java:158)
	at org.openqa.selenium.remote.RemoteWebDriver.execute(RemoteWebDriver.java:678)
	at org.openqa.selenium.remote.RemoteWebDriver.startSession(RemoteWebDriver.java:249)
	at org.openqa.selenium.remote.RemoteWebDriver.&lt;init&gt;(RemoteWebDriver.java:131)
	at org.openqa.selenium.remote.RemoteWebDriver.&lt;init&gt;(RemoteWebDriver.java:158)
	at main.DeltaDriver.open(DeltaDriver.java:54)
	at sun.reflect.NativeMethodAccessorImpl.invoke0(Native Method)
	at sun.reflect.NativeMethodAccessorImpl.invoke(Unknown Source)
	at sun.reflect.DelegatingMethodAccessorImpl.invoke(Unknown Source)
	at java.lang.reflect.Method.invoke(Unknown Source)
	at org.testng.internal.MethodInvocationHelper.invokeMethod(MethodInvocationHelper.java:100)
	at org.testng.internal.Invoker.invokeConfigurationMethod(Invoker.java:515)
	at org.testng.internal.Invoker.invokeConfigurations(Invoker.java:216)
	at org.testng.internal.Invoker.invokeConfigurations(Invoker.java:143)
	at org.testng.internal.TestMethodWorker.invokeBeforeClassMethods(TestMethodWorker.java:169)
	at org.testng.internal.TestMethodWorker.run(TestMethodWorker.java:108)
	at org.testng.TestRunner.privateRun(TestRunner.java:746)
	at org.testng.TestRunner.run(TestRunner.java:600)
	at org.testng.SuiteRunner.runTest(SuiteRunner.java:366)
	at org.testng.SuiteRunner.runSequentially(SuiteRunner.java:361)
	at org.testng.SuiteRunner.privateRun(SuiteRunner.java:319)
	at org.testng.SuiteRunner.run(SuiteRunner.java:268)
	at org.testng.SuiteRunnerWorker.runSuite(SuiteRunnerWorker.java:52)
	at org.testng.SuiteRunnerWorker.run(SuiteRunnerWorker.java:86)
	at org.testng.TestNG.runSuitesSequentially(TestNG.java:1264)
	at org.testng.TestNG.runSuitesLocally(TestNG.java:1189)
	at org.testng.TestNG.runSuites(TestNG.java:1104)
	at org.testng.TestNG.run(TestNG.java:1076)
	at org.testng.remote.AbstractRemoteTestNG.run(AbstractRemoteTestNG.java:126)
	at org.testng.remote.RemoteTestNG.initAndRun(RemoteTestNG.java:152)
	at org.testng.remote.RemoteTestNG.main(RemoteTestNG.java:57)
</pre></div></td>
<td>0</td>
<td>main.DeltaDriver@5bcab519</td></tr>
</table><p>
<table width='100%' border='1' class='invocation-skipped'>
<tr><td colspan='4' align='center'><b>SKIPPED TESTS</b></td></tr>
<tr><td><b>Test method</b></td>
<td width="30%"><b>Exception</b></td>
<td width="10%"><b>Time (seconds)</b></td>
<td><b>Instance</b></td>
</tr>
<tr>
<td title='main.DeltaDriver.testScenarios()'><b>testScenarios</b><br>Test class: main.DeltaDriver<br>Parameters: Login, Yes</td>
<td></td>
<td>0</td>
<td>main.DeltaDriver@5bcab519</td></tr>
<tr>
<td title='main.DeltaDriver.testScenarios()'><b>testScenarios</b><br>Test class: main.DeltaDriver<br>Parameters: Vicor-UC1, Yes</td>
<td></td>
<td>0</td>
<td>main.DeltaDriver@5bcab519</td></tr>
<tr>
<td title='main.DeltaDriver.testScenarios()'><b>testScenarios</b><br>Test class: main.DeltaDriver<br>Parameters: Vicor-UC2, Yes</td>
<td></td>
<td>0</td>
<td>main.DeltaDriver@5bcab519</td></tr>
<tr>
<td title='main.DeltaDriver.testScenarios()'><b>testScenarios</b><br>Test class: main.DeltaDriver<br>Parameters: Vicor-UC3, Yes</td>
<td></td>
<td>0</td>
<td>main.DeltaDriver@5bcab519</td></tr>
<tr>
<td title='main.DeltaDriver.testScenarios()'><b>testScenarios</b><br>Test class: main.DeltaDriver<br>Parameters: Vicor-UC4, Yes</td>
<td></td>
<td>0</td>
<td>main.DeltaDriver@5bcab519</td></tr>
<tr>
<td title='main.DeltaDriver.testScenarios()'><b>testScenarios</b><br>Test class: main.DeltaDriver<br>Parameters: Vicor-UC5, Yes</td>
<td></td>
<td>0</td>
<td>main.DeltaDriver@5bcab519</td></tr>
<tr>
<td title='main.DeltaDriver.testScenarios()'><b>testScenarios</b><br>Test class: main.DeltaDriver<br>Parameters: Vicor-UC6, Yes</td>
<td></td>
<td>0</td>
<td>main.DeltaDriver@5bcab519</td></tr>
<tr>
<td title='main.DeltaDriver.testScenarios()'><b>testScenarios</b><br>Test class: main.DeltaDriver<br>Parameters: ACHORIG-UC1, No</td>
<td></td>
<td>0</td>
<td>main.DeltaDriver@5bcab519</td></tr>
<tr>
<td title='main.DeltaDriver.testScenarios()'><b>testScenarios</b><br>Test class: main.DeltaDriver<br>Parameters: ACHORIG-UC2, No</td>
<td></td>
<td>0</td>
<td>main.DeltaDriver@5bcab519</td></tr>
<tr>
<td title='main.DeltaDriver.testScenarios()'><b>testScenarios</b><br>Test class: main.DeltaDriver<br>Parameters: ACHORIG-UC3, No</td>
<td></td>
<td>0</td>
<td>main.DeltaDriver@5bcab519</td></tr>
<tr>
<td title='main.DeltaDriver.testScenarios()'><b>testScenarios</b><br>Test class: main.DeltaDriver<br>Parameters: ACHORIG-UC4, No</td>
<td></td>
<td>0</td>
<td>main.DeltaDriver@5bcab519</td></tr>
<tr>
<td title='main.DeltaDriver.testScenarios()'><b>testScenarios</b><br>Test class: main.DeltaDriver<br>Parameters: ACHORIG-UC5, No</td>
<td></td>
<td>0</td>
<td>main.DeltaDriver@5bcab519</td></tr>
<tr>
<td title='main.DeltaDriver.testScenarios()'><b>testScenarios</b><br>Test class: main.DeltaDriver<br>Parameters: ACHORIG-UC6, No</td>
<td></td>
<td>0</td>
<td>main.DeltaDriver@5bcab519</td></tr>
<tr>
<td title='main.DeltaDriver.testScenarios()'><b>testScenarios</b><br>Test class: main.DeltaDriver<br>Parameters: ACHORIG-UC7, No</td>
<td></td>
<td>0</td>
<td>main.DeltaDriver@5bcab519</td></tr>
<tr>
<td title='main.DeltaDriver.testScenarios()'><b>testScenarios</b><br>Test class: main.DeltaDriver<br>Parameters: ACHORIG-UC8, No</td>
<td></td>
<td>0</td>
<td>main.DeltaDriver@5bcab519</td></tr>
<tr>
<td title='main.DeltaDriver.testScenarios()'><b>testScenarios</b><br>Test class: main.DeltaDriver<br>Parameters: ACHORIG-UC9, No</td>
<td></td>
<td>0</td>
<td>main.DeltaDriver@5bcab519</td></tr>
<tr>
<td title='main.DeltaDriver.testScenarios()'><b>testScenarios</b><br>Test class: main.DeltaDriver<br>Parameters: ACHORIG-UC10, No</td>
<td></td>
<td>0</td>
<td>main.DeltaDriver@5bcab519</td></tr>
<tr>
<td title='main.DeltaDriver.testScenarios()'><b>testScenarios</b><br>Test class: main.DeltaDriver<br>Parameters: ACHORIG-UC11, No</td>
<td></td>
<td>0</td>
<td>main.DeltaDriver@5bcab519</td></tr>
<tr>
<td title='main.DeltaDriver.testScenarios()'><b>testScenarios</b><br>Test class: main.DeltaDriver<br>Parameters: ACHORIG-UC12, No</td>
<td></td>
<td>0</td>
<td>main.DeltaDriver@5bcab519</td></tr>
<tr>
<td title='main.DeltaDriver.testScenarios()'><b>testScenarios</b><br>Test class: main.DeltaDriver<br>Parameters: ACH-OLBB-UC1, Yes</td>
<td></td>
<td>0</td>
<td>main.DeltaDriver@5bcab519</td></tr>
<tr>
<td title='main.DeltaDriver.testScenarios()'><b>testScenarios</b><br>Test class: main.DeltaDriver<br>Parameters: ACH-OLBB-UC2, Yes</td>
<td></td>
<td>0</td>
<td>main.DeltaDriver@5bcab519</td></tr>
<tr>
<td title='main.DeltaDriver.testScenarios()'><b>testScenarios</b><br>Test class: main.DeltaDriver<br>Parameters: Wires-UC1, Yes</td>
<td></td>
<td>0</td>
<td>main.DeltaDriver@5bcab519</td></tr>
<tr>
<td title='main.DeltaDriver.testScenarios()'><b>testScenarios</b><br>Test class: main.DeltaDriver<br>Parameters: Wires-UC2, Yes</td>
<td></td>
<td>0</td>
<td>main.DeltaDriver@5bcab519</td></tr>
<tr>
<td title='main.DeltaDriver.testScenarios()'><b>testScenarios</b><br>Test class: main.DeltaDriver<br>Parameters: Wires-UC3, Yes</td>
<td></td>
<td>0</td>
<td>main.DeltaDriver@5bcab519</td></tr>
<tr>
<td title='main.DeltaDriver.testScenarios()'><b>testScenarios</b><br>Test class: main.DeltaDriver<br>Parameters: Wires-UC4, Yes</td>
<td></td>
<td>0</td>
<td>main.DeltaDriver@5bcab519</td></tr>
<tr>
<td title='main.DeltaDriver.testScenarios()'><b>testScenarios</b><br>Test class: main.DeltaDriver<br>Parameters: Wholesale-UC1, Yes</td>
<td></td>
<td>0</td>
<td>main.DeltaDriver@5bcab519</td></tr>
<tr>
<td title='main.DeltaDriver.testScenarios()'><b>testScenarios</b><br>Test class: main.DeltaDriver<br>Parameters: Wholesale-UC2, Yes</td>
<td></td>
<td>0</td>
<td>main.DeltaDriver@5bcab519</td></tr>
<tr>
<td title='main.DeltaDriver.testScenarios()'><b>testScenarios</b><br>Test class: main.DeltaDriver<br>Parameters: ACH-Haries-UC1, Yes</td>
<td></td>
<td>0</td>
<td>main.DeltaDriver@5bcab519</td></tr>
<tr>
<td title='main.DeltaDriver.testScenarios()'><b>testScenarios</b><br>Test class: main.DeltaDriver<br>Parameters: ACH-Haries-UC2, Yes</td>
<td></td>
<td>0</td>
<td>main.DeltaDriver@5bcab519</td></tr>
<tr>
<td title='main.DeltaDriver.testScenarios()'><b>testScenarios</b><br>Test class: main.DeltaDriver<br>Parameters: RetailLockBox-UC1, Yes</td>
<td></td>
<td>0</td>
<td>main.DeltaDriver@5bcab519</td></tr>
<tr>
<td title='main.DeltaDriver.testScenarios()'><b>testScenarios</b><br>Test class: main.DeltaDriver<br>Parameters: RetailLockBox-UC2, Yes</td>
<td></td>
<td>0</td>
<td>main.DeltaDriver@5bcab519</td></tr>
<tr>
<td title='main.DeltaDriver.testScenarios()'><b>testScenarios</b><br>Test class: main.DeltaDriver<br>Parameters: RetailImaging-UC1, Yes</td>
<td></td>
<td>0</td>
<td>main.DeltaDriver@5bcab519</td></tr>
<tr>
<td title='main.DeltaDriver.testScenarios()'><b>testScenarios</b><br>Test class: main.DeltaDriver<br>Parameters: RetailImaging-UC2, Yes</td>
<td></td>
<td>0</td>
<td>main.DeltaDriver@5bcab519</td></tr>
<tr>
<td title='main.DeltaDriver.testScenarios()'><b>testScenarios</b><br>Test class: main.DeltaDriver<br>Parameters: ACH-FP-UC1, Yes</td>
<td></td>
<td>0</td>
<td>main.DeltaDriver@5bcab519</td></tr>
<tr>
<td title='main.DeltaDriver.testScenarios()'><b>testScenarios</b><br>Test class: main.DeltaDriver<br>Parameters: ACH-FP-UC2, Yes</td>
<td></td>
<td>0</td>
<td>main.DeltaDriver@5bcab519</td></tr>
<tr>
<td title='main.DeltaDriver.testScenarios()'><b>testScenarios</b><br>Test class: main.DeltaDriver<br>Parameters: ACH-FP-UC3, Yes</td>
<td></td>
<td>0</td>
<td>main.DeltaDriver@5bcab519</td></tr>
<tr>
<td title='main.DeltaDriver.testScenarios()'><b>testScenarios</b><br>Test class: main.DeltaDriver<br>Parameters: ACH-FP-UC4, Yes</td>
<td></td>
<td>0</td>
<td>main.DeltaDriver@5bcab519</td></tr>
<tr>
<td title='main.DeltaDriver.testScenarios()'><b>testScenarios</b><br>Test class: main.DeltaDriver<br>Parameters: ACH-FP-UC5, Yes</td>
<td></td>
<td>0</td>
<td>main.DeltaDriver@5bcab519</td></tr>
<tr>
<td title='main.DeltaDriver.testScenarios()'><b>testScenarios</b><br>Test class: main.DeltaDriver<br>Parameters: OLBB-UC1, Yes</td>
<td></td>
<td>0</td>
<td>main.DeltaDriver@5bcab519</td></tr>
<tr>
<td title='main.DeltaDriver.testScenarios()'><b>testScenarios</b><br>Test class: main.DeltaDriver<br>Parameters: OLBB-UC2, Yes</td>
<td></td>
<td>0</td>
<td>main.DeltaDriver@5bcab519</td></tr>
<tr>
<td title='main.DeltaDriver.testScenarios()'><b>testScenarios</b><br>Test class: main.DeltaDriver<br>Parameters: OLBB-UC3, Yes</td>
<td></td>
<td>0</td>
<td>main.DeltaDriver@5bcab519</td></tr>
<tr>
<td title='main.DeltaDriver.testScenarios()'><b>testScenarios</b><br>Test class: main.DeltaDriver<br>Parameters: OLBB-UC4, Yes</td>
<td></td>
<td>0</td>
<td>main.DeltaDriver@5bcab519</td></tr>
<tr>
<td title='main.DeltaDriver.testScenarios()'><b>testScenarios</b><br>Test class: main.DeltaDriver<br>Parameters: OLBB-UC5, Yes</td>
<td></td>
<td>0</td>
<td>main.DeltaDriver@5bcab519</td></tr>
<tr>
<td title='main.DeltaDriver.testScenarios()'><b>testScenarios</b><br>Test class: main.DeltaDriver<br>Parameters: OLBB-UC6, Yes</td>
<td></td>
<td>0</td>
<td>main.DeltaDriver@5bcab519</td></tr>
<tr>
<td title='main.DeltaDriver.testScenarios()'><b>testScenarios</b><br>Test class: main.DeltaDriver<br>Parameters: OLBB-UC7, Yes</td>
<td></td>
<td>0</td>
<td>main.DeltaDriver@5bcab519</td></tr>
<tr>
<td title='main.DeltaDriver.testScenarios()'><b>testScenarios</b><br>Test class: main.DeltaDriver<br>Parameters: OLBB-UC8, Yes</td>
<td></td>
<td>0</td>
<td>main.DeltaDriver@5bcab519</td></tr>
<tr>
<td title='main.DeltaDriver.testScenarios()'><b>testScenarios</b><br>Test class: main.DeltaDriver<br>Parameters: OLBB-UC9, Yes</td>
<td></td>
<td>0</td>
<td>main.DeltaDriver@5bcab519</td></tr>
</table><p>
</body>
</html>